[2026-03-15T00:38:05+00:00] called: info@ricardomol.nl subject=Test debug=2
[2026-03-15T00:38:32+00:00] called: info@ricardomol.nl subject=Test debug=2
[2026-03-15T00:40:07+00:00] called: info@ricardomol.nl subject=Wachtwoord opnieuw instellen debug=2
[2026-03-15T00:40:28+00:00] called: info@ricardomol.nl subject=Wachtwoord opnieuw instellen debug=2
[2026-03-15T00:41:03+00:00] called: info@ricardomol.nl subject=Test debug=2
[2026-03-15T01:01:33+00:00] called: info@ricardomol.nl subject=Wachtwoord opnieuw instellen debug=2
[2026-03-15T01:05:05+00:00] called: info@ricardomol.nl subject=Wachtwoord opnieuw instellen debug=2
[2026-03-15T01:15:52+00:00] called: info@ricardomol.nl subject=Wachtwoord opnieuw instellen debug=2
[2026-03-15T01:16:13+00:00] called: info@ricardomol.nl subject=Wachtwoord opnieuw instellen debug=2
[2026-03-15T01:17:37+00:00] called: info@ricardomol.nl subject=Test debug=2
[2026-03-15T01:17:47+00:00] called: info@ricardomol.nl subject=Test debug=2
[2026-03-15T01:18:23+00:00] called: info@ricardomol.nl subject=Test debug=2
[2026-03-15T01:18:51+00:00] called: info@ricardomol.nl subject=Wachtwoord opnieuw instellen debug=2
[2026-03-15T01:19:16+00:00] called: info@ricardomol.nl subject=Wachtwoord opnieuw instellen debug=2
[2026-03-15T01:20:07+00:00] called: ss107383@ricardomol.nl subject=Wachtwoord opnieuw instellen debug=2
[2026-03-15T01:21:48+00:00] called: ss107383@ricardomol.nl subject=Uw account is aangemaakt debug=2
[2026-03-15T01:21:49+00:00] called: ss107383@ricardomol.nl subject=Wachtwoord opnieuw instellen debug=2
[2026-03-15T01:46:45+00:00] called: ss107383@ricardomol.nl subject=Uw account is aangemaakt debug=2
[2026-03-15T03:18:51+00:00] called: jjrmol2005@gmail.com subject=Bevestig uw e-mailadres debug=2
[2026-03-15T03:20:12+00:00] called: jjrmol2005@gmail.com subject=Bevestig uw e-mailadres debug=2
[2026-03-15T03:21:34+00:00] called: jjrmol2005@gmail.com subject=Bevestig uw e-mailadres debug=2
[2026-03-15T03:22:36+00:00] called: jjrmol2005@gmail.com subject=Bevestig uw e-mailadres debug=2
[2026-03-15T03:23:10+00:00] called: info@ricardomol.nl subject=Wachtwoord opnieuw instellen debug=2
[2026-03-15T03:24:58+00:00] called: info@ricardomol.nl subject=Wachtwoord opnieuw instellen debug=2
