[2026-03-15T00:14:43+00:00] mail config: host=smtp.office365.com user=r.mol@molwebsites.nl debug=2
[2026-03-15T00:14:43+00:00] request: boefricardo@gmail.com
[2026-03-15T00:14:43+00:00] user found: boefricardo@gmail.com (id=2)
[2026-03-15T00:14:44+00:00] mail result for boefricardo@gmail.com: true
[2026-03-15T00:15:35+00:00] mail config: host=smtp.office365.com user=r.mol@molwebsites.nl debug=2
[2026-03-15T00:15:35+00:00] request: admin
[2026-03-15T00:15:35+00:00] user found: jjrmol2005@gmail.com (id=1)
[2026-03-15T00:15:36+00:00] mail result for jjrmol2005@gmail.com: true
[2026-03-15T00:15:48+00:00] mail config: host=smtp.office365.com user=r.mol@molwebsites.nl debug=2
[2026-03-15T00:16:42+00:00] mail config: host=smtp.office365.com user=r.mol@molwebsites.nl debug=2
[2026-03-15T00:16:42+00:00] request: info@ricardomol.nl
[2026-03-15T00:16:42+00:00] user found: info@ricardomol.nl (id=3)
[2026-03-15T00:16:43+00:00] mail result for info@ricardomol.nl: true
[2026-03-15T00:17:48+00:00] mail config: host=smtp.office365.com user=r.mol@molwebsites.nl debug=2
[2026-03-15T00:17:48+00:00] request: j.brouwer@molwebsites.nl
[2026-03-15T00:17:48+00:00] user found: j.brouwer@molwebsites.nl (id=4)
[2026-03-15T00:17:49+00:00] mail result for j.brouwer@molwebsites.nl: true
[2026-03-15T00:19:31+00:00] mail config: host=smtp.office365.com user=r.mol@molwebsites.nl debug=2
[2026-03-15T00:19:31+00:00] request: info@ricardomol.nl
[2026-03-15T00:19:31+00:00] user found: info@ricardomol.nl (id=3)
[2026-03-15T00:19:32+00:00] mail result for info@ricardomol.nl: true
[2026-03-15T00:19:34+00:00] mail config: host=smtp.office365.com user=r.mol@molwebsites.nl debug=2
[2026-03-15T00:19:34+00:00] request: info@ricardomol.nl
[2026-03-15T00:19:34+00:00] user found: info@ricardomol.nl (id=3)
[2026-03-15T00:19:35+00:00] mail result for info@ricardomol.nl: true
[2026-03-15T00:20:13+00:00] mail config: host=smtp.office365.com user=r.mol@molwebsites.nl debug=2
[2026-03-15T00:20:13+00:00] request: j.brouwer@molwebsites.nl
[2026-03-15T00:20:13+00:00] user found: j.brouwer@molwebsites.nl (id=4)
[2026-03-15T00:20:14+00:00] mail result for j.brouwer@molwebsites.nl: true
[2026-03-15T00:20:26+00:00] mail config: host=smtp.office365.com user=r.mol@molwebsites.nl debug=2
[2026-03-15T00:20:29+00:00] mail config: host=smtp.office365.com user=r.mol@molwebsites.nl debug=2
[2026-03-15T00:20:46+00:00] mail config: host=smtp.office365.com user=r.mol@molwebsites.nl debug=2
[2026-03-15T00:20:46+00:00] request: boefricardo@gmail.com
[2026-03-15T00:20:46+00:00] user found: boefricardo@gmail.com (id=2)
[2026-03-15T00:20:47+00:00] mail result for boefricardo@gmail.com: true
[2026-03-15T00:25:39+00:00] mail config: host=mail.ricardomol.nl user=info@ricardomol.nl debug=2
[2026-03-15T00:25:39+00:00] request: info@ricardomol.nl
[2026-03-15T00:25:39+00:00] user found: info@ricardomol.nl (id=3)
[2026-03-15T00:25:39+00:00] mail result for info@ricardomol.nl: true
[2026-03-15T00:25:52+00:00] mail config: host=mail.ricardomol.nl user=info@ricardomol.nl debug=2
[2026-03-15T00:25:52+00:00] request: jjrmol2005@gmail.com
[2026-03-15T00:25:52+00:00] user found: jjrmol2005@gmail.com (id=1)
[2026-03-15T00:25:53+00:00] mail result for jjrmol2005@gmail.com: true
[2026-03-15T00:26:43+00:00] mail config: host=smtp.office365.com user=r.mol@molwebsites.nl debug=2
[2026-03-15T00:26:43+00:00] request: j.brouwer@molwebsites.nl
[2026-03-15T00:26:43+00:00] user found: j.brouwer@molwebsites.nl (id=4)
[2026-03-15T00:26:43+00:00] mail result for j.brouwer@molwebsites.nl: true
[2026-03-15T00:26:50+00:00] mail config: host=smtp.office365.com user=r.mol@molwebsites.nl debug=2
[2026-03-15T00:26:50+00:00] request: jjrmol2005@gmail.com
[2026-03-15T00:26:50+00:00] user found: jjrmol2005@gmail.com (id=1)
[2026-03-15T00:26:51+00:00] mail result for jjrmol2005@gmail.com: true
[2026-03-15T00:31:32+00:00] mail config: host=smtp.office365.com user=r.mol@molwebsites.nl debug=2
[2026-03-15T00:31:32+00:00] request: jjrmol2005@gmail.com
[2026-03-15T00:31:32+00:00] user found: jjrmol2005@gmail.com (id=1)
[2026-03-15T00:31:33+00:00] mail result for jjrmol2005@gmail.com: true
[2026-03-15T00:31:49+00:00] mail config: host=smtp.office365.com user=r.mol@molwebsites.nl debug=2
[2026-03-15T00:34:08+00:00] mail config: host=smtp.office365.com user=r.mol@molwebsites.nl debug=2
[2026-03-15T00:34:21+00:00] mail config: host=smtp.office365.com user=r.mol@molwebsites.nl debug=2
[2026-03-15T00:34:21+00:00] request: info@ricardomol.nl
[2026-03-15T00:34:21+00:00] user found: info@ricardomol.nl (id=3)
[2026-03-15T00:34:22+00:00] mail result for info@ricardomol.nl: true
[2026-03-15T00:35:47+00:00] mail config: host=mail.ricardomol.nl user=info@ricardomol.nl debug=2
[2026-03-15T00:35:47+00:00] request: info@ricardomol.nl
[2026-03-15T00:35:47+00:00] user found: info@ricardomol.nl (id=3)
[2026-03-15T00:35:47+00:00] mail result for info@ricardomol.nl: true
[2026-03-15T00:36:42+00:00] mail config: host=mail.ricardomol.nl user=info@ricardomol.nl debug=2
[2026-03-15T00:36:42+00:00] request: j.brouwer@molwebsites.nl
[2026-03-15T00:36:42+00:00] user found: j.brouwer@molwebsites.nl (id=4)
[2026-03-15T00:36:42+00:00] mail result for j.brouwer@molwebsites.nl: true
[2026-03-15T00:36:42+00:00] mail config: host=mail.ricardomol.nl user=info@ricardomol.nl debug=2
[2026-03-15T00:36:42+00:00] request: j.brouwer@molwebsites.nl
[2026-03-15T00:36:42+00:00] user found: j.brouwer@molwebsites.nl (id=4)
[2026-03-15T00:36:43+00:00] mail result for j.brouwer@molwebsites.nl: true
[2026-03-15T00:36:44+00:00] mail config: host=mail.ricardomol.nl user=info@ricardomol.nl debug=2
[2026-03-15T00:36:44+00:00] request: boefricardo@gmail.com
[2026-03-15T00:36:44+00:00] user found: boefricardo@gmail.com (id=2)
[2026-03-15T00:36:44+00:00] mail result for boefricardo@gmail.com: true
[2026-03-15T00:36:45+00:00] mail config: host=mail.ricardomol.nl user=info@ricardomol.nl debug=2
[2026-03-15T00:36:45+00:00] request: jjrmol2005@gmail.com
[2026-03-15T00:36:45+00:00] user found: jjrmol2005@gmail.com (id=1)
[2026-03-15T00:36:45+00:00] mail result for jjrmol2005@gmail.com: true
[2026-03-15T00:39:45+00:00] mail config: host=smtp.office365.com user=r.mol@molwebsites.nl debug=2
[2026-03-15T00:40:07+00:00] mail config: host=smtp.office365.com user=r.mol@molwebsites.nl debug=2
[2026-03-15T00:40:07+00:00] request: info@ricardomol.nl
[2026-03-15T00:40:07+00:00] user found: info@ricardomol.nl (id=3)
[2026-03-15T00:40:08+00:00] mail result for info@ricardomol.nl: true
[2026-03-15T00:40:28+00:00] mail config: host=smtp.office365.com user=r.mol@molwebsites.nl debug=2
[2026-03-15T00:40:28+00:00] request: info@ricardomol.nl
[2026-03-15T00:40:28+00:00] user found: info@ricardomol.nl (id=3)
[2026-03-15T00:40:29+00:00] mail result for info@ricardomol.nl: true
[2026-03-15T01:01:33+00:00] mail config: host=smtp.office365.com user=r.mol@molwebsites.nl debug=2
[2026-03-15T01:01:33+00:00] request: info@ricardomol.nl
[2026-03-15T01:01:33+00:00] user found: info@ricardomol.nl (id=3)
[2026-03-15T01:01:34+00:00] mail result for info@ricardomol.nl: true
[2026-03-15T01:05:05+00:00] mail config: host=smtp.office365.com user=r.mol@molwebsites.nl debug=2
[2026-03-15T01:05:05+00:00] request: info@ricardomol.nl
[2026-03-15T01:05:05+00:00] user found: info@ricardomol.nl (id=3)
[2026-03-15T01:05:05+00:00] mail result for info@ricardomol.nl: true
[2026-03-15T01:15:52+00:00] mail config: host=smtp.office365.com user=r.mol@molwebsites.nl debug=2
[2026-03-15T01:15:52+00:00] request: info@ricardomol.nl
[2026-03-15T01:15:52+00:00] user found: info@ricardomol.nl (id=3)
[2026-03-15T01:15:53+00:00] mail result for info@ricardomol.nl: true
[2026-03-15T01:16:13+00:00] mail config: host=mail.ricardomol.nl user=info@ricardomol.nl debug=2
[2026-03-15T01:16:13+00:00] request: info@ricardomol.nl
[2026-03-15T01:16:13+00:00] user found: info@ricardomol.nl (id=3)
[2026-03-15T01:16:13+00:00] mail result for info@ricardomol.nl: true
[2026-03-15T01:18:51+00:00] mail config: host=smtp.office365.com user=r.mol@molwebsites.nl debug=2
[2026-03-15T01:18:51+00:00] request: info@ricardomol.nl
[2026-03-15T01:18:51+00:00] user found: info@ricardomol.nl (id=3)
[2026-03-15T01:18:52+00:00] mail result for info@ricardomol.nl: true
[2026-03-15T01:19:16+00:00] mail config: host=mail.ricardomol.nl user=info@ricardomol.nl debug=2
[2026-03-15T01:19:16+00:00] request: info@ricardomol.nl
[2026-03-15T01:19:16+00:00] user found: info@ricardomol.nl (id=3)
[2026-03-15T01:19:17+00:00] mail result for info@ricardomol.nl: true
[2026-03-15T01:20:07+00:00] mail config: host=mail.ricardomol.nl user=info@ricardomol.nl debug=2
[2026-03-15T01:20:07+00:00] request: ss107383@ricardomol.nl
[2026-03-15T01:20:07+00:00] user found: ss107383@ricardomol.nl (id=5)
[2026-03-15T01:20:07+00:00] mail result for ss107383@ricardomol.nl: true
[2026-03-15T01:21:49+00:00] mail config: host=mail.ricardomol.nl user=info@ricardomol.nl debug=2
[2026-03-15T01:21:49+00:00] request: ss107383@ricardomol.nl
[2026-03-15T01:21:49+00:00] user found: ss107383@ricardomol.nl (id=5)
[2026-03-15T01:21:49+00:00] mail result for ss107383@ricardomol.nl: true
